<?xml version="1.0" encoding="UTF-8" ?>
<testsuite tests="0" failures="0" name="talks.mapper.Test01" time="0" errors="0" skipped="0">
  <properties>
    <property name="idea.version" value="2021.3.3"/>
    <property name="java.runtime.name" value="Java(TM) SE Runtime Environment"/>
    <property name="sun.boot.library.path" value="E:\jdk\jre\bin"/>
    <property name="java.vm.version" value="25.301-b09"/>
    <property name="java.vm.vendor" value="Oracle Corporation"/>
    <property name="maven.multiModuleProjectDirectory" value="E:\IDEAU\springCloud-2\school-clould\school_cloud\project-parent"/>
    <property name="java.vendor.url" value="http://java.oracle.com/"/>
    <property name="path.separator" value=";"/>
    <property name="guice.disable.misplaced.annotation.check" value="true"/>
    <property name="java.vm.name" value="Java HotSpot(TM) 64-Bit Server VM"/>
    <property name="file.encoding.pkg" value="sun.io"/>
    <property name="user.script" value=""/>
    <property name="user.country" value="CN"/>
    <property name="sun.java.launcher" value="SUN_STANDARD"/>
    <property name="sun.os.patch.level" value=""/>
    <property name="java.vm.specification.name" value="Java Virtual Machine Specification"/>
    <property name="user.dir" value="E:\IDEAU\springCloud-2\school-clould\school_cloud\project-parent"/>
    <property name="java.runtime.version" value="1.8.0_301-b09"/>
    <property name="java.awt.graphicsenv" value="sun.awt.Win32GraphicsEnvironment"/>
    <property name="java.endorsed.dirs" value="E:\jdk\jre\lib\endorsed"/>
    <property name="os.arch" value="amd64"/>
    <property name="java.io.tmpdir" value="C:\Users\龙涛05~1\AppData\Local\Temp\"/>
    <property name="line.separator" value="
"/>
    <property name="java.vm.specification.vendor" value="Oracle Corporation"/>
    <property name="user.variant" value=""/>
    <property name="os.name" value="Windows 10"/>
    <property name="maven.ext.class.path" value="E:\IDEAU\IntelliJ IDEA 2021.3.1\plugins\maven\lib\maven-event-listener.jar"/>
    <property name="classworlds.conf" value="E:\IDEAU\IntelliJ IDEA 2021.3.1\plugins\maven\lib\maven3\bin\m2.conf"/>
    <property name="sun.jnu.encoding" value="GBK"/>
    <property name="java.library.path" value="E:\jdk\bin;C:\Windows\Sun\Java\bin;C:\Windows\system32;C:\Windows;C:\Program Files (x86)\Common Files\Oracle\Java\javapath;E:\QITOJ开发\工具\新建文件夹 (2)\bin\;C:\Windows\system32;C:\Windows;C:\Windows\System32\Wbem;C:\Windows\System32\WindowsPowerShell\v1.0\;C:\Windows\System32\OpenSSH\;C:\Program Files (x86)\NVIDIA Corporation\PhysX\Common;C:\Program Files\NVIDIA Corporation\NVIDIA NvDLISR;E:\vsc\vsc++\mingw64\bin;E:\git\Git\cmd;E:\jdk\bin;E:\jdk\jre\bin;E:\java_kaoshi\android\android-sdk-windows\tools;E:\java_kaoshi\android\android-sdk-windows\platform-tools;C:\Users\龙涛05664416459\AppData\Local\Programs\Appium;E:\java_kaoshi\apache-maven-3.5.2\bin;C:\Program Files\MySQL\MySQL Server 5.7\bin;E:\redis-lt\;F:\xhell\;E:\xftp\;E:\mongodb-lt\bin;D:\chromedriver;E:\node-enviroment\;E:\python-enviroment\Scripts\;E:\python-enviroment\;C:\Program Files\MySQL\MySQL Shell 8.0\bin\;E:\clion\CLion 2021.3\bin;;E:\IDEAU\IntelliJ IDEA 2021.3.1\bin;;E:\vscode\Microsoft VS Code\bin;E:\mongodb-lt\bin;C:\Users\龙涛05664416459\Anaconda2;C:\Users\龙涛05664416459\Anaconda2\Library\bin;C:\Users\龙涛05664416459\Anaconda2\Scripts;E:\pycharm-kongj\PyCharm Community Edition 2022.2.3\bin;;C:\Users\龙涛05664416459\AppData\Roaming\npm;."/>
    <property name="maven.conf" value="E:\IDEAU\IntelliJ IDEA 2021.3.1\plugins\maven\lib\maven3/conf"/>
    <property name="java.specification.name" value="Java Platform API Specification"/>
    <property name="java.class.version" value="52.0"/>
    <property name="sun.management.compiler" value="HotSpot 64-Bit Tiered Compilers"/>
    <property name="os.version" value="10.0"/>
    <property name="user.home" value="C:\Users\龙涛05664416459"/>
    <property name="user.timezone" value="Asia/Shanghai"/>
    <property name="java.awt.printerjob" value="sun.awt.windows.WPrinterJob"/>
    <property name="java.specification.version" value="1.8"/>
    <property name="file.encoding" value="UTF-8"/>
    <property name="user.name" value="龙涛05664416459"/>
    <property name="java.class.path" value="E:\IDEAU\IntelliJ IDEA 2021.3.1\plugins\maven\lib\maven3\boot\plexus-classworlds-2.6.0.jar;E:\IDEAU\IntelliJ IDEA 2021.3.1\plugins\maven\lib\maven3\boot\plexus-classworlds.license;E:\IDEAU\IntelliJ IDEA 2021.3.1\lib\idea_rt.jar"/>
    <property name="java.vm.specification.version" value="1.8"/>
    <property name="sun.arch.data.model" value="64"/>
    <property name="java.home" value="E:\jdk\jre"/>
    <property name="sun.java.command" value="org.codehaus.classworlds.Launcher -Didea.version=2021.3.3 package"/>
    <property name="java.specification.vendor" value="Oracle Corporation"/>
    <property name="user.language" value="zh"/>
    <property name="awt.toolkit" value="sun.awt.windows.WToolkit"/>
    <property name="java.vm.info" value="mixed mode"/>
    <property name="java.version" value="1.8.0_301"/>
    <property name="java.ext.dirs" value="E:\jdk\jre\lib\ext;C:\Windows\Sun\Java\lib\ext"/>
    <property name="sun.boot.class.path" value="E:\jdk\jre\lib\resources.jar;E:\jdk\jre\lib\rt.jar;E:\jdk\jre\lib\sunrsasign.jar;E:\jdk\jre\lib\jsse.jar;E:\jdk\jre\lib\jce.jar;E:\jdk\jre\lib\charsets.jar;E:\jdk\jre\lib\jfr.jar;E:\jdk\jre\classes"/>
    <property name="java.vendor" value="Oracle Corporation"/>
    <property name="maven.home" value="E:\IDEAU\IntelliJ IDEA 2021.3.1\plugins\maven\lib\maven3"/>
    <property name="file.separator" value="\"/>
    <property name="java.vendor.url.bug" value="http://bugreport.sun.com/bugreport/"/>
    <property name="sun.cpu.endian" value="little"/>
    <property name="sun.io.unicode.encoding" value="UnicodeLittle"/>
    <property name="sun.desktop" value="windows"/>
    <property name="sun.cpu.isalist" value="amd64"/>
  </properties>
</testsuite>